{"C:\\Users\\austi\\Documents\\projects\\quick-start-typescript\\dist\\setupTest.js": {"path":"C:\\Users\\austi\\Documents\\projects\\quick-start-typescript\\dist\\setupTest.js","statementMap":{"0":{"start":{"line":2,"column":0},"end":{"line":2,"column":62}},"1":{"start":{"line":3,"column":0},"end":{"line":3,"column":27}},"2":{"start":{"line":4,"column":18},"end":{"line":6,"column":1}},"3":{"start":{"line":5,"column":4},"end":{"line":5,"column":43}},"4":{"start":{"line":7,"column":0},"end":{"line":7,"column":30}}},"fnMap":{"0":{"name":"(anonymous_0)","decl":{"start":{"line":4,"column":18},"end":{"line":4,"column":19}},"loc":{"start":{"line":4,"column":24},"end":{"line":6,"column":1}},"line":4}},"branchMap":{},"s":{"0":1,"1":1,"2":1,"3":1,"4":1},"f":{"0":1},"b":{},"inputSourceMap":null,"_coverageSchema":"1a1c01bbd47fc00a2c39e90264f33305004495a9","hash":"6fb9abd2cadbcae7cb7e618db6f035d084f79394"}
,"C:\\Users\\austi\\Documents\\projects\\quick-start-typescript\\src\\setupTest.ts": {"path":"C:\\Users\\austi\\Documents\\projects\\quick-start-typescript\\src\\setupTest.ts","statementMap":{"0":{"start":{"line":1,"column":25},"end":{"line":3,"column":1}},"1":{"start":{"line":2,"column":2},"end":{"line":2,"column":41}},"2":{"start":{"line":1,"column":13},"end":{"line":1,"column":25}}},"fnMap":{"0":{"name":"(anonymous_0)","decl":{"start":{"line":1,"column":25},"end":{"line":1,"column":28}},"loc":{"start":{"line":1,"column":30},"end":{"line":3,"column":1}}}},"branchMap":{},"s":{"0":1,"1":1,"2":1},"f":{"0":1},"b":{}}
}
